Blocked script execution in 'about:blank' because the document's frame is sandboxed and the 'allow-scripts' permission is not set.
Blocked script execution in 'about:blank' because the document's frame is sandboxed and the 'allow-scripts' permission is not set.
Blocked script execution in 'about:blank' because the document's frame is sandboxed and the 'allow-scripts' permission is not set.
Blocked script execution in 'about:blank' because the document's frame is sandboxed and the 'allow-scripts' permission is not set.
Blocked script execution in 'about:blank' because the document's frame is sandboxed and the 'allow-scripts' permission is not set.
Blocked script execution in 'about:blank' because the document's frame is sandboxed and the 'allow-scripts' permission is not set.
Blocked script execution in 'about:blank' because the document's frame is sandboxed and the 'allow-scripts' permission is not set.
Blocked script execution in 'about:blank' because the document's frame is sandboxed and the 'allow-scripts' permission is not set.
Blocked script execution in 'about:blank' because the document's frame is sandboxed and the 'allow-scripts' permission is not set.
Blocked script execution in 'about:blank' because the document's frame is sandboxed and the 'allow-scripts' permission is not set.
Blocked script execution in 'about:blank' because the document's frame is sandboxed and the 'allow-scripts' permission is not set.
Blocked script execution in 'about:blank' because the document's frame is sandboxed and the 'allow-scripts' permission is not set.
Blocked script execution in 'about:blank' because the document's frame is sandboxed and the 'allow-scripts' permission is not set.
Blocked script execution in 'about:blank' because the document's frame is sandboxed and the 'allow-scripts' permission is not set.
Blocked script execution in 'about:blank' because the document's frame is sandboxed and the 'allow-scripts' permission is not set.
Blocked script execution in 'about:blank' because the document's frame is sandboxed and the 'allow-scripts' permission is not set.
Blocked script execution in 'about:blank' because the document's frame is sandboxed and the 'allow-scripts' permission is not set.
Blocked script execution in 'about:blank' because the document's frame is sandboxed and the 'allow-scripts' permission is not set.
Blocked script execution in 'about:blank' because the document's frame is sandboxed and the 'allow-scripts' permission is not set.
Blocked script execution in 'about:blank' because the document's frame is sandboxed and the 'allow-scripts' permission is not set.
Blocked script execution in 'about:blank' because the document's frame is sandboxed and the 'allow-scripts' permission is not set.
Blocked script execution in 'about:blank' because the document's frame is sandboxed and the 'allow-scripts' permission is not set.
Blocked script execution in 'about:blank' because the document's frame is sandboxed and the 'allow-scripts' permission is not set.
Blocked script execution in 'about:blank' because the document's frame is sandboxed and the 'allow-scripts' permission is not set.
Blocked script execution in 'about:blank' because the document's frame is sandboxed and the 'allow-scripts' permission is not set.
Blocked script execution in 'about:blank' because the document's frame is sandboxed and the 'allow-scripts' permission is not set.
Blocked script execution in 'about:blank' because the document's frame is sandboxed and the 'allow-scripts' permission is not set.
Blocked script execution in 'about:blank' because the document's frame is sandboxed and the 'allow-scripts' permission is not set.
Blocked script execution in 'about:blank' because the document's frame is sandboxed and the 'allow-scripts' permission is not set.
Blocked script execution in 'about:blank' because the document's frame is sandboxed and the 'allow-scripts' permission is not set.
Blocked script execution in 'about:blank' because the document's frame is sandboxed and the 'allow-scripts' permission is not set.
Blocked script execution in 'about:blank' because the document's frame is sandboxed and the 'allow-scripts' permission is not set.
Blocked script execution in 'about:blank' because the document's frame is sandboxed and the 'allow-scripts' permission is not set.
Blocked script execution in 'about:blank' because the document's frame is sandboxed and the 'allow-scripts' permission is not set.
Blocked script execution in 'about:blank' because the document's frame is sandboxed and the 'allow-scripts' permission is not set.
Blocked script execution in 'about:blank' because the document's frame is sandboxed and the 'allow-scripts' permission is not set.
Blocked script execution in 'about:blank' because the document's frame is sandboxed and the 'allow-scripts' permission is not set.
Blocked script execution in 'about:blank' because the document's frame is sandboxed and the 'allow-scripts' permission is not set.
Blocked script execution in 'about:blank' because the document's frame is sandboxed and the 'allow-scripts' permission is not set.
Blocked script execution in 'about:blank' because the document's frame is sandboxed and the 'allow-scripts' permission is not set.
Blocked script execution in 'about:blank' because the document's frame is sandboxed and the 'allow-scripts' permission is not set.
Blocked script execution in 'about:blank' because the document's frame is sandboxed and the 'allow-scripts' permission is not set.
Blocked script execution in 'about:blank' because the document's frame is sandboxed and the 'allow-scripts' permission is not set.
Blocked script execution in 'about:blank' because the document's frame is sandboxed and the 'allow-scripts' permission is not set.
Blocked script execution in 'about:blank' because the document's frame is sandboxed and the 'allow-scripts' permission is not set.
Blocked script execution in 'about:blank' because the document's frame is sandboxed and the 'allow-scripts' permission is not set.
Blocked script execution in 'about:blank' because the document's frame is sandboxed and the 'allow-scripts' permission is not set.
Blocked script execution in 'about:blank' because the document's frame is sandboxed and the 'allow-scripts' permission is not set.
Blocked script execution in 'about:blank' because the document's frame is sandboxed and the 'allow-scripts' permission is not set.
Blocked script execution in 'about:blank' because the document's frame is sandboxed and the 'allow-scripts' permission is not set.
Blocked script execution in 'about:blank' because the document's frame is sandboxed and the 'allow-scripts' permission is not set.
Blocked script execution in 'about:blank' because the document's frame is sandboxed and the 'allow-scripts' permission is not set.
Blocked script execution in 'about:blank' because the document's frame is sandboxed and the 'allow-scripts' permission is not set.
Blocked script execution in 'about:blank' because the document's frame is sandboxed and the 'allow-scripts' permission is not set.
Blocked script execution in 'about:blank' because the document's frame is sandboxed and the 'allow-scripts' permission is not set.
Blocked script execution in 'about:blank' because the document's frame is sandboxed and the 'allow-scripts' permission is not set.
Blocked script execution in 'about:blank' because the document's frame is sandboxed and the 'allow-scripts' permission is not set.
Blocked script execution in 'about:blank' because the document's frame is sandboxed and the 'allow-scripts' permission is not set.
Blocked script execution in 'about:blank' because the document's frame is sandboxed and the 'allow-scripts' permission is not set.
Blocked script execution in 'about:blank' because the document's frame is sandboxed and the 'allow-scripts' permission is not set.
Blocked script execution in 'about:blank' because the document's frame is sandboxed and the 'allow-scripts' permission is not set.
Blocked script execution in 'about:blank' because the document's frame is sandboxed and the 'allow-scripts' permission is not set.
Blocked script execution in 'about:blank' because the document's frame is sandboxed and the 'allow-scripts' permission is not set.
Blocked script execution in 'about:blank' because the document's frame is sandboxed and the 'allow-scripts' permission is not set.
Blocked script execution in 'about:blank' because the document's frame is sandboxed and the 'allow-scripts' permission is not set.
Blocked script execution in 'about:blank' because the document's frame is sandboxed and the 'allow-scripts' permission is not set.
Blocked script execution in 'about:blank' because the document's frame is sandboxed and the 'allow-scripts' permission is not set.
Blocked script execution in 'about:blank' because the document's frame is sandboxed and the 'allow-scripts' permission is not set.
Blocked script execution in 'about:blank' because the document's frame is sandboxed and the 'allow-scripts' permission is not set.
Blocked script execution in 'about:blank' because the document's frame is sandboxed and the 'allow-scripts' permission is not set.
Blocked script execution in 'about:blank' because the document's frame is sandboxed and the 'allow-scripts' permission is not set.
Blocked script execution in 'about:blank' because the document's frame is sandboxed and the 'allow-scripts' permission is not set.
Blocked script execution in 'about:blank' because the document's frame is sandboxed and the 'allow-scripts' permission is not set.
Blocked script execution in 'about:blank' because the document's frame is sandboxed and the 'allow-scripts' permission is not set.
Blocked script execution in 'about:blank' because the document's frame is sandboxed and the 'allow-scripts' permission is not set.
Blocked script execution in 'about:blank' because the document's frame is sandboxed and the 'allow-scripts' permission is not set.
Blocked script execution in 'about:blank' because the document's frame is sandboxed and the 'allow-scripts' permission is not set.
Blocked script execution in 'about:blank' because the document's frame is sandboxed and the 'allow-scripts' permission is not set.
Blocked script execution in 'about:blank' because the document's frame is sandboxed and the 'allow-scripts' permission is not set.
Blocked script execution in 'about:blank' because the document's frame is sandboxed and the 'allow-scripts' permission is not set.
Blocked script execution in 'about:blank' because the document's frame is sandboxed and the 'allow-scripts' permission is not set.
Blocked script execution in 'about:blank' because the document's frame is sandboxed and the 'allow-scripts' permission is not set.
Blocked script execution in 'about:blank' because the document's frame is sandboxed and the 'allow-scripts' permission is not set.
Blocked script execution in 'about:blank' because the document's frame is sandboxed and the 'allow-scripts' permission is not set.
Blocked script execution in 'about:blank' because the document's frame is sandboxed and the 'allow-scripts' permission is not set.
Blocked script execution in 'about:blank' because the document's frame is sandboxed and the 'allow-scripts' permission is not set.
Blocked script execution in 'about:blank' because the document's frame is sandboxed and the 'allow-scripts' permission is not set.
Blocked script execution in 'about:blank' because the document's frame is sandboxed and the 'allow-scripts' permission is not set.
Blocked script execution in 'about:blank' because the document's frame is sandboxed and the 'allow-scripts' permission is not set.
Blocked script execution in 'about:blank' because the document's frame is sandboxed and the 'allow-scripts' permission is not set.
Blocked script execution in 'about:blank' because the document's frame is sandboxed and the 'allow-scripts' permission is not set.
Blocked script execution in 'about:blank' because the document's frame is sandboxed and the 'allow-scripts' permission is not set.
Blocked script execution in 'about:blank' because the document's frame is sandboxed and the 'allow-scripts' permission is not set.
Blocked script execution in 'about:blank' because the document's frame is sandboxed and the 'allow-scripts' permission is not set.
Blocked script execution in 'about:blank' because the document's frame is sandboxed and the 'allow-scripts' permission is not set.
Blocked script execution in 'about:blank' because the document's frame is sandboxed and the 'allow-scripts' permission is not set.
Blocked script execution in 'about:blank' because the document's frame is sandboxed and the 'allow-scripts' permission is not set.
Blocked script execution in 'about:blank' because the document's frame is sandboxed and the 'allow-scripts' permission is not set.
Blocked script execution in 'about:blank' because the document's frame is sandboxed and the 'allow-scripts' permission is not set.
Blocked script execution in 'about:blank' because the document's frame is sandboxed and the 'allow-scripts' permission is not set.
Blocked script execution in 'about:blank' because the document's frame is sandboxed and the 'allow-scripts' permission is not set.
Blocked script execution in 'about:blank' because the document's frame is sandboxed and the 'allow-scripts' permission is not set.
Blocked script execution in 'about:blank' because the document's frame is sandboxed and the 'allow-scripts' permission is not set.
Blocked script execution in 'about:blank' because the document's frame is sandboxed and the 'allow-scripts' permission is not set.
Blocked script execution in 'about:blank' because the document's frame is sandboxed and the 'allow-scripts' permission is not set.
Blocked script execution in 'about:blank' because the document's frame is sandboxed and the 'allow-scripts' permission is not set.
Blocked script execution in 'about:blank' because the document's frame is sandboxed and the 'allow-scripts' permission is not set.
Blocked script execution in 'about:blank' because the document's frame is sandboxed and the 'allow-scripts' permission is not set.
Blocked script execution in 'about:blank' because the document's frame is sandboxed and the 'allow-scripts' permission is not set.
Blocked script execution in 'about:blank' because the document's frame is sandboxed and the 'allow-scripts' permission is not set.
Blocked script execution in 'about:blank' because the document's frame is sandboxed and the 'allow-scripts' permission is not set.
Blocked script execution in 'about:blank' because the document's frame is sandboxed and the 'allow-scripts' permission is not set.
Blocked script execution in 'about:blank' because the document's frame is sandboxed and the 'allow-scripts' permission is not set.
Blocked script execution in 'about:blank' because the document's frame is sandboxed and the 'allow-scripts' permission is not set.
Blocked script execution in 'about:blank' because the document's frame is sandboxed and the 'allow-scripts' permission is not set.
Blocked script execution in 'about:blank' because the document's frame is sandboxed and the 'allow-scripts' permission is not set.
Blocked script execution in 'about:blank' because the document's frame is sandboxed and the 'allow-scripts' permission is not set.
Blocked script execution in 'about:blank' because the document's frame is sandboxed and the 'allow-scripts' permission is not set.
Blocked script execution in 'about:blank' because the document's frame is sandboxed and the 'allow-scripts' permission is not set.
Blocked script execution in 'about:blank' because the document's frame is sandboxed and the 'allow-scripts' permission is not set.
Blocked script execution in 'about:blank' because the document's frame is sandboxed and the 'allow-scripts' permission is not set.
Blocked script execution in 'about:blank' because the document's frame is sandboxed and the 'allow-scripts' permission is not set.
Blocked script execution in 'about:blank' because the document's frame is sandboxed and the 'allow-scripts' permission is not set.
Blocked script execution in 'about:blank' because the document's frame is sandboxed and the 'allow-scripts' permission is not set.
Blocked script execution in 'about:blank' because the document's frame is sandboxed and the 'allow-scripts' permission is not set.
Blocked script execution in 'about:blank' because the document's frame is sandboxed and the 'allow-scripts' permission is not set.
Blocked script execution in 'about:blank' because the document's frame is sandboxed and the 'allow-scripts' permission is not set.
Blocked script execution in 'about:blank' because the document's frame is sandboxed and the 'allow-scripts' permission is not set.
Blocked script execution in 'about:blank' because the document's frame is sandboxed and the 'allow-scripts' permission is not set.
Blocked script execution in 'about:blank' because the document's frame is sandboxed and the 'allow-scripts' permission is not set.
Blocked script execution in 'about:blank' because the document's frame is sandboxed and the 'allow-scripts' permission is not set.
Blocked script execution in 'about:blank' because the document's frame is sandboxed and the 'allow-scripts' permission is not set.
Blocked script execution in 'about:blank' because the document's frame is sandboxed and the 'allow-scripts' permission is not set.
Blocked script execution in 'about:blank' because the document's frame is sandboxed and the 'allow-scripts' permission is not set.
Blocked script execution in 'about:blank' because the document's frame is sandboxed and the 'allow-scripts' permission is not set.
Blocked script execution in 'about:blank' because the document's frame is sandboxed and the 'allow-scripts' permission is not set.
Blocked script execution in 'about:blank' because the document's frame is sandboxed and the 'allow-scripts' permission is not set.
Blocked script execution in 'about:blank' because the document's frame is sandboxed and the 'allow-scripts' permission is not set.
Blocked script execution in 'about:blank' because the document's frame is sandboxed and the 'allow-scripts' permission is not set.
Blocked script execution in 'about:blank' because the document's frame is sandboxed and the 'allow-scripts' permission is not set.
Blocked script execution in 'about:blank' because the document's frame is sandboxed and the 'allow-scripts' permission is not set.
Blocked script execution in 'about:blank' because the document's frame is sandboxed and the 'allow-scripts' permission is not set.
Blocked script execution in 'about:blank' because the document's frame is sandboxed and the 'allow-scripts' permission is not set.
Blocked script execution in 'about:blank' because the document's frame is sandboxed and the 'allow-scripts' permission is not set.
Blocked script execution in 'about:blank' because the document's frame is sandboxed and the 'allow-scripts' permission is not set.
Blocked script execution in 'about:blank' because the document's frame is sandboxed and the 'allow-scripts' permission is not set.
Blocked script execution in 'about:blank' because the document's frame is sandboxed and the 'allow-scripts' permission is not set.
Blocked script execution in 'about:blank' because the document's frame is sandboxed and the 'allow-scripts' permission is not set.
Blocked script execution in 'about:blank' because the document's frame is sandboxed and the 'allow-scripts' permission is not set.
Blocked script execution in 'about:blank' because the document's frame is sandboxed and the 'allow-scripts' permission is not set.
Blocked script execution in 'about:blank' because the document's frame is sandboxed and the 'allow-scripts' permission is not set.
Blocked script execution in 'about:blank' because the document's frame is sandboxed and the 'allow-scripts' permission is not set.
Blocked script execution in 'about:blank' because the document's frame is sandboxed and the 'allow-scripts' permission is not set.
Blocked script execution in 'about:blank' because the document's frame is sandboxed and the 'allow-scripts' permission is not set.
Blocked script execution in 'about:blank' because the document's frame is sandboxed and the 'allow-scripts' permission is not set.
Blocked script execution in 'about:blank' because the document's frame is sandboxed and the 'allow-scripts' permission is not set.
Blocked script execution in 'about:blank' because the document's frame is sandboxed and the 'allow-scripts' permission is not set.
Blocked script execution in 'about:blank' because the document's frame is sandboxed and the 'allow-scripts' permission is not set.
Blocked script execution in 'about:blank' because the document's frame is sandboxed and the 'allow-scripts' permission is not set.
Blocked script execution in 'about:blank' because the document's frame is sandboxed and the 'allow-scripts' permission is not set.
Blocked script execution in 'about:blank' because the document's frame is sandboxed and the 'allow-scripts' permission is not set.
Blocked script execution in 'about:blank' because the document's frame is sandboxed and the 'allow-scripts' permission is not set.
Blocked script execution in 'about:blank' because the document's frame is sandboxed and the 'allow-scripts' permission is not set.
Blocked script execution in 'about:blank' because the document's frame is sandboxed and the 'allow-scripts' permission is not set.
Blocked script execution in 'about:blank' because the document's frame is sandboxed and the 'allow-scripts' permission is not set.
Blocked script execution in 'about:blank' because the document's frame is sandboxed and the 'allow-scripts' permission is not set.
Blocked script execution in 'about:blank' because the document's frame is sandboxed and the 'allow-scripts' permission is not set.
Blocked script execution in 'about:blank' because the document's frame is sandboxed and the 'allow-scripts' permission is not set.
Blocked script execution in 'about:blank' because the document's frame is sandboxed and the 'allow-scripts' permission is not set.
Blocked script execution in 'about:blank' because the document's frame is sandboxed and the 'allow-scripts' permission is not set.
Blocked script execution in 'about:blank' because the document's frame is sandboxed and the 'allow-scripts' permission is not set.
Blocked script execution in 'about:blank' because the document's frame is sandboxed and the 'allow-scripts' permission is not set.
Blocked script execution in 'about:blank' because the document's frame is sandboxed and the 'allow-scripts' permission is not set.
Blocked script execution in 'about:blank' because the document's frame is sandboxed and the 'allow-scripts' permission is not set.
Blocked script execution in 'about:blank' because the document's frame is sandboxed and the 'allow-scripts' permission is not set.
Blocked script execution in 'about:blank' because the document's frame is sandboxed and the 'allow-scripts' permission is not set.
Blocked script execution in 'about:blank' because the document's frame is sandboxed and the 'allow-scripts' permission is not set.
Blocked script execution in 'about:blank' because the document's frame is sandboxed and the 'allow-scripts' permission is not set.
Blocked script execution in 'about:blank' because the document's frame is sandboxed and the 'allow-scripts' permission is not set.
Blocked script execution in 'about:blank' because the document's frame is sandboxed and the 'allow-scripts' permission is not set.
Blocked script execution in 'about:blank' because the document's frame is sandboxed and the 'allow-scripts' permission is not set.
Blocked script execution in 'about:blank' because the document's frame is sandboxed and the 'allow-scripts' permission is not set.
Blocked script execution in 'about:blank' because the document's frame is sandboxed and the 'allow-scripts' permission is not set.
Blocked script execution in 'about:blank' because the document's frame is sandboxed and the 'allow-scripts' permission is not set.
Blocked script execution in 'about:blank' because the document's frame is sandboxed and the 'allow-scripts' permission is not set.
Blocked script execution in 'about:blank' because the document's frame is sandboxed and the 'allow-scripts' permission is not set.
Blocked script execution in 'about:blank' because the document's frame is sandboxed and the 'allow-scripts' permission is not set.
Blocked script execution in 'about:blank' because the document's frame is sandboxed and the 'allow-scripts' permission is not set.
Blocked script execution in 'about:blank' because the document's frame is sandboxed and the 'allow-scripts' permission is not set.
Blocked script execution in 'about:blank' because the document's frame is sandboxed and the 'allow-scripts' permission is not set.
Blocked script execution in 'about:blank' because the document's frame is sandboxed and the 'allow-scripts' permission is not set.
Blocked script execution in 'about:blank' because the document's frame is sandboxed and the 'allow-scripts' permission is not set.
Blocked script execution in 'about:blank' because the document's frame is sandboxed and the 'allow-scripts' permission is not set.
Blocked script execution in 'about:blank' because the document's frame is sandboxed and the 'allow-scripts' permission is not set.
Blocked script execution in 'about:blank' because the document's frame is sandboxed and the 'allow-scripts' permission is not set.
Blocked script execution in 'about:blank' because the document's frame is sandboxed and the 'allow-scripts' permission is not set.
Blocked script execution in 'about:blank' because the document's frame is sandboxed and the 'allow-scripts' permission is not set.
Blocked script execution in 'about:blank' because the document's frame is sandboxed and the 'allow-scripts' permission is not set.
Blocked script execution in 'about:blank' because the document's frame is sandboxed and the 'allow-scripts' permission is not set.
Blocked script execution in 'about:blank' because the document's frame is sandboxed and the 'allow-scripts' permission is not set.
Blocked script execution in 'about:blank' because the document's frame is sandboxed and the 'allow-scripts' permission is not set.
Blocked script execution in 'about:blank' because the document's frame is sandboxed and the 'allow-scripts' permission is not set.
Blocked script execution in 'about:blank' because the document's frame is sandboxed and the 'allow-scripts' permission is not set.
Blocked script execution in 'about:blank' because the document's frame is sandboxed and the 'allow-scripts' permission is not set.
Blocked script execution in 'about:blank' because the document's frame is sandboxed and the 'allow-scripts' permission is not set.
Blocked script execution in 'about:blank' because the document's frame is sandboxed and the 'allow-scripts' permission is not set.
Blocked script execution in 'about:blank' because the document's frame is sandboxed and the 'allow-scripts' permission is not set.
Blocked script execution in 'about:blank' because the document's frame is sandboxed and the 'allow-scripts' permission is not set.
Blocked script execution in 'about:blank' because the document's frame is sandboxed and the 'allow-scripts' permission is not set.
Blocked script execution in 'about:blank' because the document's frame is sandboxed and the 'allow-scripts' permission is not set.
Blocked script execution in 'about:blank' because the document's frame is sandboxed and the 'allow-scripts' permission is not set.
Blocked script execution in 'about:blank' because the document's frame is sandboxed and the 'allow-scripts' permission is not set.
Blocked script execution in 'about:blank' because the document's frame is sandboxed and the 'allow-scripts' permission is not set.
Blocked script execution in 'about:blank' because the document's frame is sandboxed and the 'allow-scripts' permission is not set.
Blocked script execution in 'about:blank' because the document's frame is sandboxed and the 'allow-scripts' permission is not set.
Blocked script execution in 'about:blank' because the document's frame is sandboxed and the 'allow-scripts' permission is not set.
Blocked script execution in 'about:blank' because the document's frame is sandboxed and the 'allow-scripts' permission is not set.
Blocked script execution in 'about:blank' because the document's frame is sandboxed and the 'allow-scripts' permission is not set.
Blocked script execution in 'about:blank' because the document's frame is sandboxed and the 'allow-scripts' permission is not set.
Blocked script execution in 'about:blank' because the document's frame is sandboxed and the 'allow-scripts' permission is not set.
Blocked script execution in 'about:blank' because the document's frame is sandboxed and the 'allow-scripts' permission is not set.
Blocked script execution in 'about:blank' because the document's frame is sandboxed and the 'allow-scripts' permission is not set.
Blocked script execution in 'about:blank' because the document's frame is sandboxed and the 'allow-scripts' permission is not set.
Blocked script execution in 'about:blank' because the document's frame is sandboxed and the 'allow-scripts' permission is not set.
Blocked script execution in 'about:blank' because the document's frame is sandboxed and the 'allow-scripts' permission is not set.
content.js:3 🎵 Content script loaded and ready
content.js:3 🎵 Received message: {action: 'getPlaylistUrls'}
content.js:3 🎵 Starting to collect playlist URLs
content.js:3 🎵 Attempt 1: Found 168 playlist items
content.js:3 🎵 Extracted 168 valid URLs
content.js:3 🎵 Sending URLs back to background script
The resource <URL> was preloaded using link preload but not used within a few seconds from the window's load event. Please make sure it has an appropriate `as` value and it is preloaded intentionally.
The resource <URL> was preloaded using link preload but not used within a few seconds from the window's load event. Please make sure it has an appropriate `as` value and it is preloaded intentionally.
The resource <URL> was preloaded using link preload but not used within a few seconds from the window's load event. Please make sure it has an appropriate `as` value and it is preloaded intentionally.
The resource <URL> was preloaded using link preload but not used within a few seconds from the window's load event. Please make sure it has an appropriate `as` value and it is preloaded intentionally.
The resource <URL> was preloaded using link preload but not used within a few seconds from the window's load event. Please make sure it has an appropriate `as` value and it is preloaded intentionally.
The resource <URL> was preloaded using link preload but not used within a few seconds from the window's load event. Please make sure it has an appropriate `as` value and it is preloaded intentionally.
The resource <URL> was preloaded using link preload but not used within a few seconds from the window's load event. Please make sure it has an appropriate `as` value and it is preloaded intentionally.
The resource <URL> was preloaded using link preload but not used within a few seconds from the window's load event. Please make sure it has an appropriate `as` value and it is preloaded intentionally.
The resource <URL> was preloaded using link preload but not used within a few seconds from the window's load event. Please make sure it has an appropriate `as` value and it is preloaded intentionally.
The resource <URL> was preloaded using link preload but not used within a few seconds from the window's load event. Please make sure it has an appropriate `as` value and it is preloaded intentionally.
The resource <URL> was preloaded using link preload but not used within a few seconds from the window's load event. Please make sure it has an appropriate `as` value and it is preloaded intentionally.
The resource <URL> was preloaded using link preload but not used within a few seconds from the window's load event. Please make sure it has an appropriate `as` value and it is preloaded intentionally.
The resource <URL> was preloaded using link preload but not used within a few seconds from the window's load event. Please make sure it has an appropriate `as` value and it is preloaded intentionally.
The resource <URL> was preloaded using link preload but not used within a few seconds from the window's load event. Please make sure it has an appropriate `as` value and it is preloaded intentionally.
The resource <URL> was preloaded using link preload but not used within a few seconds from the window's load event. Please make sure it has an appropriate `as` value and it is preloaded intentionally.
The resource <URL> was preloaded using link preload but not used within a few seconds from the window's load event. Please make sure it has an appropriate `as` value and it is preloaded intentionally.
The resource <URL> was preloaded using link preload but not used within a few seconds from the window's load event. Please make sure it has an appropriate `as` value and it is preloaded intentionally.
The resource <URL> was preloaded using link preload but not used within a few seconds from the window's load event. Please make sure it has an appropriate `as` value and it is preloaded intentionally.
The resource <URL> was preloaded using link preload but not used within a few seconds from the window's load event. Please make sure it has an appropriate `as` value and it is preloaded intentionally.
The resource <URL> was preloaded using link preload but not used within a few seconds from the window's load event. Please make sure it has an appropriate `as` value and it is preloaded intentionally.
The resource <URL> was preloaded using link preload but not used within a few seconds from the window's load event. Please make sure it has an appropriate `as` value and it is preloaded intentionally.
The resource <URL> was preloaded using link preload but not used within a few seconds from the window's load event. Please make sure it has an appropriate `as` value and it is preloaded intentionally.
The resource <URL> was preloaded using link preload but not used within a few seconds from the window's load event. Please make sure it has an appropriate `as` value and it is preloaded intentionally.
The resource <URL> was preloaded using link preload but not used within a few seconds from the window's load event. Please make sure it has an appropriate `as` value and it is preloaded intentionally.
The resource <URL> was preloaded using link preload but not used within a few seconds from the window's load event. Please make sure it has an appropriate `as` value and it is preloaded intentionally.
The resource <URL> was preloaded using link preload but not used within a few seconds from the window's load event. Please make sure it has an appropriate `as` value and it is preloaded intentionally.
The resource <URL> was preloaded using link preload but not used within a few seconds from the window's load event. Please make sure it has an appropriate `as` value and it is preloaded intentionally.
desktop_polymer.js:2312 
        
        
       POST https://play.google.com/log?format=json&hasfast=true&authuser=0 net::ERR_BLOCKED_BY_CLIENT
Jm.send @ desktop_polymer.js:2312
Hxa @ desktop_polymer.js:2307
Nxa.send @ desktop_polymer.js:2335
x @ desktop_polymer.js:2254
(anonymous) @ desktop_polymer.js:2255
Promise.then
Bm.flush @ desktop_polymer.js:2255
(anonymous) @ desktop_polymer.js:2243
um.tick @ desktop_polymer.js:2212
(anonymous) @ desktop_polymer.js:2210
base.js:1712 
        
        
       POST https://www.youtube.com/youtubei/v1/log_event?alt=json net::ERR_BLOCKED_BY_CLIENT
yg @ base.js:1712
g.qU @ base.js:1722
IK @ base.js:1718
YdS @ base.js:2024
PC @ base.js:2023
vQu @ base.js:2087
(anonymous) @ base.js:8677
Zj @ base.js:157
EHe.next @ base.js:158
C @ base.js:163
Promise.then
X @ base.js:165
(anonymous) @ base.js:166
tau @ base.js:165
g.I @ base.js:167
g.h.Nh @ base.js:8676
(anonymous) @ base.js:8665
Promise.then
g.h.writeThenSend @ base.js:8665
d$.writeThenSend @ base.js:8718
t @ desktop_polymer.js:1855
(anonymous) @ desktop_polymer.js:1857
Promise.then
Gra @ desktop_polymer.js:1857
jua @ desktop_polymer.js:1996
mua @ desktop_polymer.js:1987
(anonymous) @ desktop_polymer.js:1984
qi @ desktop_polymer.js:1027
gua @ desktop_polymer.js:1984
c @ desktop_polymer.js:1988
(anonymous) @ desktop_polymer.js:1990
S @ scheduler.js:46
V @ scheduler.js:55
g.P @ scheduler.js:48
requestIdleCallback
g.start @ scheduler.js:56
ta @ scheduler.js:42
(anonymous) @ scheduler.js:61
base.js:1712 
        
        
       POST https://www.youtube.com/youtubei/v1/log_event?alt=json net::ERR_BLOCKED_BY_CLIENT
yg @ base.js:1712
g.qU @ base.js:1722
IK @ base.js:1718
YdS @ base.js:2024
PC @ base.js:2023
vQu @ base.js:2087
(anonymous) @ base.js:8677
Zj @ base.js:157
EHe.next @ base.js:158
C @ base.js:163
Promise.then
X @ base.js:165
(anonymous) @ base.js:166
tau @ base.js:165
g.I @ base.js:167
g.h.Nh @ base.js:8676
(anonymous) @ base.js:8674
Zj @ base.js:157
EHe.next @ base.js:158
C @ base.js:163
Promise.then
X @ base.js:165
(anonymous) @ base.js:166
tau @ base.js:165
g.I @ base.js:167
(anonymous) @ base.js:8674
S @ scheduler.js:46
V @ scheduler.js:55
g.S @ scheduler.js:51
(anonymous) @ web-animations-next-lite.min.js:96
requestAnimationFrame
window.requestAnimationFrame @ web-animations-next-lite.min.js:96
g.start @ scheduler.js:56
ta @ scheduler.js:42
(anonymous) @ scheduler.js:61
setTimeout
apply @ VM14075:4645
Ca @ scheduler.js:61
j_ @ base.js:1850
C3.Lx @ base.js:8610
g.h.Mz @ base.js:8674
(anonymous) @ base.js:2042
S @ scheduler.js:46
V @ scheduler.js:55
g.S @ scheduler.js:51
(anonymous) @ web-animations-next-lite.min.js:96
requestAnimationFrame
window.requestAnimationFrame @ web-animations-next-lite.min.js:96
g.start @ scheduler.js:56
ta @ scheduler.js:42
(anonymous) @ scheduler.js:61
setTimeout
apply @ VM14075:4645
Ca @ scheduler.js:61
j_ @ base.js:1850
C3.Lx @ base.js:8610
(anonymous) @ base.js:2042
Zj @ base.js:157
EHe.next @ base.js:158
C @ base.js:163
Promise.then
X @ base.js:165
(anonymous) @ base.js:166
tau @ base.js:165
g.I @ base.js:167
Gze.C.options.onError @ base.js:2041
(anonymous) @ base.js:1722
(anonymous) @ base.js:1676
E @ base.js:1710
XMLHttpRequest.send
yg @ base.js:1712
g.qU @ base.js:1722
IK @ base.js:1718
YdS @ base.js:2024
PC @ base.js:2023
vQu @ base.js:2087
(anonymous) @ base.js:8677
Zj @ base.js:157
EHe.next @ base.js:158
C @ base.js:163
Promise.then
X @ base.js:165
(anonymous) @ base.js:166
tau @ base.js:165
g.I @ base.js:167
g.h.Nh @ base.js:8676
(anonymous) @ base.js:8665
Promise.then
g.h.writeThenSend @ base.js:8665
d$.writeThenSend @ base.js:8718
t @ desktop_polymer.js:1855
(anonymous) @ desktop_polymer.js:1857
Promise.then
Gra @ desktop_polymer.js:1857
jua @ desktop_polymer.js:1996
mua @ desktop_polymer.js:1987
(anonymous) @ desktop_polymer.js:1984
qi @ desktop_polymer.js:1027
gua @ desktop_polymer.js:1984
c @ desktop_polymer.js:1988
(anonymous) @ desktop_polymer.js:1990
S @ scheduler.js:46
V @ scheduler.js:55
g.P @ scheduler.js:48
requestIdleCallback
g.start @ scheduler.js:56
ta @ scheduler.js:42
(anonymous) @ scheduler.js:61
base.js:8063 
        
        
       POST https://play.google.com/log?format=json&hasfast=true&authuser=0 net::ERR_BLOCKED_BY_CLIENT
g.h.send @ base.js:8063
oeY @ base.js:816
aX.send @ base.js:8075
T @ base.js:8005
g.h.flush @ base.js:8006
g.h.KR @ base.js:8007
(anonymous) @ base.js:692
desktop_polymer.js:2312 
        
        
       POST https://play.google.com/log?format=json&hasfast=true&authuser=0 net::ERR_BLOCKED_BY_CLIENT
Jm.send @ desktop_polymer.js:2312
Hxa @ desktop_polymer.js:2307
Nxa.send @ desktop_polymer.js:2335
x @ desktop_polymer.js:2254
Bm.flush @ desktop_polymer.js:2255
Bm.finalFlush @ desktop_polymer.js:2256
(anonymous) @ desktop_polymer.js:2241
base.js:8063 
        
        
       POST https://play.google.com/log?format=json&hasfast=true&authuser=0 net::ERR_BLOCKED_BY_CLIENT
g.h.send @ base.js:8063
oeY @ base.js:816
aX.send @ base.js:8075
T @ base.js:8005
g.h.flush @ base.js:8006
g.h.KR @ base.js:8007
(anonymous) @ base.js:692
base.js:8063 
        
        
       POST https://play.google.com/log?format=json&hasfast=true&authuser=0 net::ERR_BLOCKED_BY_CLIENT
g.h.send @ base.js:8063
oeY @ base.js:816
aX.send @ base.js:8075
T @ base.js:8005
(anonymous) @ base.js:8006
Promise.then
g.h.flush @ base.js:8006
g.h.KR @ base.js:8007
(anonymous) @ base.js:692
desktop_polymer.js:2312 
        
        
       POST https://play.google.com/log?format=json&hasfast=true&authuser=0 net::ERR_BLOCKED_BY_CLIENT
Jm.send @ desktop_polymer.js:2312
Hxa @ desktop_polymer.js:2307
Nxa.send @ desktop_polymer.js:2335
x @ desktop_polymer.js:2254
(anonymous) @ desktop_polymer.js:2255
Promise.then
Bm.flush @ desktop_polymer.js:2255
Bm.finalFlush @ desktop_polymer.js:2256
(anonymous) @ desktop_polymer.js:2241
desktop_polymer.js:2312 
        
        
       POST https://play.google.com/log?format=json&hasfast=true&authuser=0 net::ERR_BLOCKED_BY_CLIENT
Jm.send @ desktop_polymer.js:2312
Hxa @ desktop_polymer.js:2307
Nxa.send @ desktop_polymer.js:2335
x @ desktop_polymer.js:2254
(anonymous) @ desktop_polymer.js:2255
Promise.then
Bm.flush @ desktop_polymer.js:2255
Bm.finalFlush @ desktop_polymer.js:2256
(anonymous) @ desktop_polymer.js:2241
desktop_polymer.js:2312 
        
        
       POST https://play.google.com/log?format=json&hasfast=true&authuser=0 net::ERR_BLOCKED_BY_CLIENT
Jm.send @ desktop_polymer.js:2312
Hxa @ desktop_polymer.js:2307
Nxa.send @ desktop_polymer.js:2335
x @ desktop_polymer.js:2254
(anonymous) @ desktop_polymer.js:2255
Promise.then
Bm.flush @ desktop_polymer.js:2255
Bm.finalFlush @ desktop_polymer.js:2256
(anonymous) @ desktop_polymer.js:2241
desktop_polymer.js:2312 
        
        
       POST https://play.google.com/log?format=json&hasfast=true&authuser=0 net::ERR_BLOCKED_BY_CLIENT
Jm.send @ desktop_polymer.js:2312
Hxa @ desktop_polymer.js:2307
Nxa.send @ desktop_polymer.js:2335
x @ desktop_polymer.js:2254
(anonymous) @ desktop_polymer.js:2255
Promise.then
Bm.flush @ desktop_polymer.js:2255
Bm.finalFlush @ desktop_polymer.js:2256
(anonymous) @ desktop_polymer.js:2241
desktop_polymer.js:2312 
        
        
       POST https://play.google.com/log?format=json&hasfast=true&authuser=0 net::ERR_BLOCKED_BY_CLIENT
Jm.send @ desktop_polymer.js:2312
Hxa @ desktop_polymer.js:2307
Nxa.send @ desktop_polymer.js:2335
x @ desktop_polymer.js:2254
(anonymous) @ desktop_polymer.js:2255
Promise.then
Bm.flush @ desktop_polymer.js:2255
Bm.finalFlush @ desktop_polymer.js:2256
(anonymous) @ desktop_polymer.js:2241
desktop_polymer.js:2312 
        
        
       POST https://play.google.com/log?format=json&hasfast=true&authuser=0 net::ERR_BLOCKED_BY_CLIENT
Jm.send @ desktop_polymer.js:2312
Hxa @ desktop_polymer.js:2307
Nxa.send @ desktop_polymer.js:2335
x @ desktop_polymer.js:2254
(anonymous) @ desktop_polymer.js:2255
Promise.then
Bm.flush @ desktop_polymer.js:2255
Bm.finalFlush @ desktop_polymer.js:2256
(anonymous) @ desktop_polymer.js:2241
desktop_polymer.js:2312 
        
        
       POST https://play.google.com/log?format=json&hasfast=true&authuser=0 net::ERR_BLOCKED_BY_CLIENT
Jm.send @ desktop_polymer.js:2312
Hxa @ desktop_polymer.js:2307
Nxa.send @ desktop_polymer.js:2335
x @ desktop_polymer.js:2254
(anonymous) @ desktop_polymer.js:2255
Promise.then
Bm.flush @ desktop_polymer.js:2255
Bm.finalFlush @ desktop_polymer.js:2256
(anonymous) @ desktop_polymer.js:2241
VM14075:1231 
        
        
       POST https://www.youtube.com/api/stats/qoe?fmt=247&afmt=251&cpn=MjGQb0oFxmgzQmWl&el=detailpage&ns=yt&fexp=v1%2C23986023%2C18621%2C49740%2C384977%2C60173%2C67153%2C133212%2C14625955%2C11684381%2C7111%2C36343%2C9954%2C9105%2C18310%2C4420%2C2821%2C46919%2C12193%2C19100%2C2471%2C6008%2C18027%2C1312%2C18053%2C591%2C7505%2C5541%2C1823%2C3186%2C7706%2C6942%2C408%2C20473%2C8%2C6227%2C2260%2C2144%2C9243%2C1581%2C1690%2C14%2C452%2C65%2C3426%2C2%2C120%2C366%2C876%2C808%2C4902%2C764%2C2262%2C391%2C8511%2C3539%2C724%2C681%2C2%2C21%2C5260%2C982%2C2050%2C705%2C553%2C163%2C3313%2C2706%2C1927%2C334%2C1946%2C633%2C5185%2C604%2C1420%2C262%2C233%2C5815%2C916%2C31%2C3313%2C436%2C3485%2C2790%2C1741%2C1427%2C464%2C185&cl=706555921&seq=82&docid=ljLBbpnkK2c&ei=f9RmZ9HXMI29sfIP6vKXkQ4&event=streamingstats&feature=autoplay&plid=AAYpyM_70Hx7MB8L&referrer=https%3A%2F%2Fwww.youtube.com%2Fwatch%3Fv%3DFNmTtk4n1xg%26list%3DPLj3wnRdyoKVRM9DqNzJnXD6XORLla6LxK%26index%3D20%26ab_channel%3DTaskmaster&sdetail=rv%3AFNmTtk4n1xg&sourceid=yw&cbrand=apple&cbr=Chrome&cbrver=131.0.0.0&c=WEB&cver=2.20241219.01.01&cplayer=UNIPLAYER&cos=Macintosh&cosver=10_15_7&cplatform=DESKTOP&bwe=4173.502:823291,4173.526:823291,4180.212:823291&bat=4173.502:1:1,4173.526:1:1,4180.212:1:1&vis=4173.502:3&cmt=4173.502:2391.269,4173.526:2391.269,4180.212:2391.269&bh=4173.502:120.251,4173.526:120.251,4180.212:120.251&qclc=ChBNakdRYjBvRnhtZ3pRbVdsEFI net::ERR_BLOCKED_BY_CLIENT
apply @ VM14075:1231
applyHandler @ VM14075:2020
applyHandler @ VM14075:2506
applyHandler @ VM14075:5067
applyHandler @ VM14075:5992
(anonymous) @ adblock-yt-capture-requests.js:101
theFetch @ adblock-yt-capture-requests.js:99
lAY @ base.js:1719
Fse @ base.js:5642
(anonymous) @ base.js:5670
kD.then @ base.js:8589
y6v @ base.js:5669
g.h.reportStats @ base.js:11437
(anonymous) @ base.js:5674
(anonymous) @ base.js:1676
desktop_polymer.js:2312 
        
        
       POST https://play.google.com/log?format=json&hasfast=true&authuser=0 net::ERR_BLOCKED_BY_CLIENT
Jm.send @ desktop_polymer.js:2312
Hxa @ desktop_polymer.js:2307
Nxa.send @ desktop_polymer.js:2335
x @ desktop_polymer.js:2254
(anonymous) @ desktop_polymer.js:2255
Promise.then
Bm.flush @ desktop_polymer.js:2255
(anonymous) @ desktop_polymer.js:2243
um.tick @ desktop_polymer.js:2212
(anonymous) @ desktop_polymer.js:2210
base.js:8063 
        
        
       POST https://play.google.com/log?format=json&hasfast=true&authuser=0 net::ERR_BLOCKED_BY_CLIENT
g.h.send @ base.js:8063
oeY @ base.js:816
aX.send @ base.js:8075
T @ base.js:8005
g.h.flush @ base.js:8006
(anonymous) @ base.js:693
t9.tick @ base.js:7975
(anonymous) @ base.js:7973
VM14075:1231 
        
        
       POST https://www.youtube.com/api/stats/qoe?fmt=247&afmt=251&cpn=MjGQb0oFxmgzQmWl&el=detailpage&ns=yt&fexp=v1%2C23986023%2C18621%2C49740%2C384977%2C60173%2C67153%2C133212%2C14625955%2C11684381%2C7111%2C36343%2C9954%2C9105%2C18310%2C4420%2C2821%2C46919%2C12193%2C19100%2C2471%2C6008%2C18027%2C1312%2C18053%2C591%2C7505%2C5541%2C1823%2C3186%2C7706%2C6942%2C408%2C20473%2C8%2C6227%2C2260%2C2144%2C9243%2C1581%2C1690%2C14%2C452%2C65%2C3426%2C2%2C120%2C366%2C876%2C808%2C4902%2C764%2C2262%2C391%2C8511%2C3539%2C724%2C681%2C2%2C21%2C5260%2C982%2C2050%2C705%2C553%2C163%2C3313%2C2706%2C1927%2C334%2C1946%2C633%2C5185%2C604%2C1420%2C262%2C233%2C5815%2C916%2C31%2C3313%2C436%2C3485%2C2790%2C1741%2C1427%2C464%2C185&cl=706555921&seq=83&docid=ljLBbpnkK2c&ei=f9RmZ9HXMI29sfIP6vKXkQ4&event=streamingstats&feature=autoplay&plid=AAYpyM_70Hx7MB8L&referrer=https%3A%2F%2Fwww.youtube.com%2Fwatch%3Fv%3DFNmTtk4n1xg%26list%3DPLj3wnRdyoKVRM9DqNzJnXD6XORLla6LxK%26index%3D20%26ab_channel%3DTaskmaster&sdetail=rv%3AFNmTtk4n1xg&sourceid=yw&cbrand=apple&cbr=Chrome&cbrver=131.0.0.0&c=WEB&cver=2.20241219.01.01&cplayer=UNIPLAYER&cos=Macintosh&cosver=10_15_7&cplatform=DESKTOP&bwe=4248.127:823291,4248.128:823291,4248.142:823291&bat=4248.127:1:1,4248.128:1:1,4248.142:1:1&vis=4248.127:0&cmt=4248.127:2391.269,4248.128:2391.269,4248.142:2391.269&bh=4248.127:120.251,4248.128:120.251,4248.142:120.251&qclc=ChBNakdRYjBvRnhtZ3pRbVdsEFM net::ERR_BLOCKED_BY_CLIENT
apply @ VM14075:1231
applyHandler @ VM14075:2020
applyHandler @ VM14075:2506
applyHandler @ VM14075:5067
applyHandler @ VM14075:5992
(anonymous) @ adblock-yt-capture-requests.js:101
theFetch @ adblock-yt-capture-requests.js:99
lAY @ base.js:1719
Fse @ base.js:5642
(anonymous) @ base.js:5670
kD.then @ base.js:8589
y6v @ base.js:5669
g.h.reportStats @ base.js:11437
(anonymous) @ base.js:5674
(anonymous) @ base.js:1676
desktop_polymer.js:2312 
        
        
       POST https://play.google.com/log?format=json&hasfast=true&authuser=0 net::ERR_BLOCKED_BY_CLIENT
Jm.send @ desktop_polymer.js:2312
Hxa @ desktop_polymer.js:2307
Nxa.send @ desktop_polymer.js:2335
x @ desktop_polymer.js:2254
(anonymous) @ desktop_polymer.js:2255
Promise.then
Bm.flush @ desktop_polymer.js:2255
pxa.flush @ desktop_polymer.js:2272
flush @ desktop_polymer.js:2366
Gm.snapshotAndFlush @ desktop_polymer.js:2293
bka @ desktop_polymer.js:969
f.dispatchEvent @ desktop_polymer.js:962
f.tick_ @ desktop_polymer.js:2282
